Writing PID to tmp/pids/thin.pid
Using rack adapter
Thin web server (v1.6.1 codename Death Proof)
Maximum connections set to 1024
Listening on 0.0.0.0:3030, CTRL+C to stop
Waiting for 6 connection(s) to finish, can take up to 30 sec, CTRL+C to stop now
Exiting!
Writing PID to tmp/pids/thin.pid
Using rack adapter
Thin web server (v1.6.1 codename Death Proof)
Maximum connections set to 1024
Listening on 0.0.0.0:8090, CTRL+C to stop
Exiting!
Writing PID to tmp/pids/thin.pid
Using rack adapter
Thin web server (v1.6.1 codename Death Proof)
Maximum connections set to 1024
Listening on 0.0.0.0:8090, CTRL+C to stop
Writing PID to tmp/pids/thin.pid
Using rack adapter
Thin web server (v1.6.1 codename Death Proof)
Maximum connections set to 1024
Listening on 0.0.0.0:8090, CTRL+C to stop
Exiting!
Writing PID to tmp/pids/thin.pid
Using rack adapter
Thin web server (v1.6.1 codename Death Proof)
Maximum connections set to 1024
Listening on 0.0.0.0:8090, CTRL+C to stop
Exiting!
Writing PID to tmp/pids/thin.pid
Using rack adapter
Thin web server (v1.6.1 codename Death Proof)
Maximum connections set to 1024
Listening on 0.0.0.0:8090, CTRL+C to stop
Exiting!
Writing PID to tmp/pids/thin.pid
Using rack adapter
Thin web server (v1.6.1 codename Death Proof)
Maximum connections set to 1024
Listening on 0.0.0.0:8090, CTRL+C to stop
Exiting!
Writing PID to tmp/pids/thin.pid
Using rack adapter
Thin web server (v1.6.1 codename Death Proof)
Maximum connections set to 1024
Listening on 0.0.0.0:8080, CTRL+C to stop
